Building debug binary
Command: bazel build --tool_tag=ijwb:CLion --run_under='bash' '/home/dwtj/.CLion2019.1/config/plugins/clwb/gdb/gdbserver' '/usr/bin/gdbserver' --once localhost:5006 --target --compilation_mode=dbg --strip=never --dynamic_mode=off --fission=yes --test_timeout=3600 --nocache_test_results --test_strategy=exclusive --test_sharding_strategy=disabled --curses=no --color=yes --progress_in_terminal_title=no --build_event_binary_file=/tmp/intellij-bep-6ede3b03-08cb-4a4a-8aa5-bd5b396f88a6 --nobuild_event_binary_file_path_conversion -- //:hello

Loading: 
Loading: 0 packages loaded
INFO: Build option --cxxopt has changed, discarding analysis cache.
Analyzing: target //:hello (0 packages loaded, 0 targets configured)
INFO: Analyzed target //:hello (0 packages loaded, 831 targets configured).
INFO: Found 1 target...
[0 / 3] [-----] BazelWorkspaceStatusAction stable-status.txt
[79 / 98] Compiling external/com_google_protobuf/src/google/protobuf/stubs/statusor.cc; 1s linux-sandbox ... (11 actions running)
[177 / 193] Compiling external/com_google_protobuf/src/google/protobuf/util/internal/default_value_objectwriter.cc; 2s linux-sandbox ... (11 actions running)
[185 / 201] Compiling external/com_google_protobuf/src/google/protobuf/descriptor.pb.cc; 3s linux-sandbox ... (12 actions running)
[191 / 207] Compiling external/com_google_protobuf/src/google/protobuf/descriptor.pb.cc; 4s linux-sandbox ... (11 actions running)
[201 / 217] Compiling external/com_google_protobuf/src/google/protobuf/descriptor.pb.cc; 5s linux-sandbox ... (10 actions running)
[209 / 222] Compiling external/com_google_protobuf/src/google/protobuf/descriptor.cc; 7s linux-sandbox ... (11 actions running)
[214 / 227] Compiling external/com_google_protobuf/src/google/protobuf/descriptor.cc; 8s linux-sandbox ... (12 actions running)
[224 / 237] Compiling external/com_google_protobuf/src/google/protobuf/descriptor.cc; 10s linux-sandbox ... (12 actions running)
INFO: From Compiling external/com_google_protobuf/src/google/protobuf/descriptor.cc:
external/com_google_protobuf/src/google/protobuf/descriptor.cc: In member function 'google::protobuf::Symbol google::protobuf::DescriptorPool::NewPlaceholderWithMutexHeld(const string&, google::protobuf::DescriptorPool::PlaceholderType) const':
external/com_google_protobuf/src/google/protobuf/descriptor.cc:3893:58: warning: 'void* memset(void*, int, size_t)' clearing an object of type 'class google::protobuf::EnumDescriptor' with no trivial copy-assignment; use assignment or value-initialization instead [-Wclass-memaccess]
     memset(placeholder_enum, 0, sizeof(*placeholder_enum));
                                                          ^
In file included from external/com_google_protobuf/src/google/protobuf/message.h:122,
                 from external/com_google_protobuf/src/google/protobuf/descriptor.pb.h:29,
                 from external/com_google_protobuf/src/google/protobuf/descriptor.cc:52:
external/com_google_protobuf/src/google/protobuf/descriptor.h:885:26: note: 'class google::protobuf::EnumDescriptor' declared here
 class LIBPROTOBUF_EXPORT EnumDescriptor {
                          ^~~~~~~~~~~~~~
external/com_google_protobuf/src/google/protobuf/descriptor.cc:3907:60: warning: 'void* memset(void*, int, size_t)' clearing an object of type 'class google::protobuf::EnumValueDescriptor' with no trivial copy-assignment; use assignment or value-initialization instead [-Wclass-memaccess]
     memset(placeholder_value, 0, sizeof(*placeholder_value));
                                                            ^
In file included from external/com_google_protobuf/src/google/protobuf/message.h:122,
                 from external/com_google_protobuf/src/google/protobuf/descriptor.pb.h:29,
                 from external/com_google_protobuf/src/google/protobuf/descriptor.cc:52:
external/com_google_protobuf/src/google/protobuf/descriptor.h:1040:26: note: 'class google::protobuf::EnumValueDescriptor' declared here
 class LIBPROTOBUF_EXPORT EnumValueDescriptor {
                          ^~~~~~~~~~~~~~~~~~~
external/com_google_protobuf/src/google/protobuf/descriptor.cc:3926:64: warning: 'void* memset(void*, int, size_t)' clearing an object of type 'class google::protobuf::Descriptor' with no trivial copy-assignment; use assignment or value-initialization instead [-Wclass-memaccess]
     memset(placeholder_message, 0, sizeof(*placeholder_message));
                                                                ^
In file included from external/com_google_protobuf/src/google/protobuf/message.h:122,
                 from external/com_google_protobuf/src/google/protobuf/descriptor.pb.h:29,
                 from external/com_google_protobuf/src/google/protobuf/descriptor.cc:52:
external/com_google_protobuf/src/google/protobuf/descriptor.h:223:26: note: 'class google::protobuf::Descriptor' declared here
 class LIBPROTOBUF_EXPORT Descriptor {
                          ^~~~~~~~~~
external/com_google_protobuf/src/google/protobuf/descriptor.cc: In member function 'google::protobuf::FileDescriptor* google::protobuf::DescriptorPool::NewPlaceholderFileWithMutexHeld(const string&) const':
external/com_google_protobuf/src/google/protobuf/descriptor.cc:3960:46: warning: 'void* memset(void*, int, size_t)' clearing an object of type 'class google::protobuf::FileDescriptor' with no trivial copy-assignment; use assignment or value-initialization instead [-Wclass-memaccess]
   memset(placeholder, 0, sizeof(*placeholder));
                                              ^
In file included from external/com_google_protobuf/src/google/protobuf/message.h:122,
                 from external/com_google_protobuf/src/google/protobuf/descriptor.pb.h:29,
                 from external/com_google_protobuf/src/google/protobuf/descriptor.cc:52:
external/com_google_protobuf/src/google/protobuf/descriptor.h:1283:26: note: 'class google::protobuf::FileDescriptor' declared here
 class LIBPROTOBUF_EXPORT FileDescriptor {
                          ^~~~~~~~~~~~~~
At global scope:
cc1plus: warning: unrecognized command line option '-Wno-writable-strings'
[235 / 248] Compiling external/com_google_protobuf/src/google/protobuf/util/internal/protostream_objectwriter.cc; 2s linux-sandbox ... (12 actions running)
[251 / 252] [-----] Linking hello
Target //:hello up-to-date:
  bazel-bin/hello
INFO: Elapsed time: 14.464s, Critical Path: 10.84s
INFO: 81 processes: 81 linux-sandbox.
INFO: Build completed successfully, 82 total actions
INFO: Build Event Protocol files produced successfully.
INFO: Build completed successfully, 82 total actions
INFO: Build completed successfully, 82 total actions
